<?xml version="1.0" encoding="UTF-8"?><testsuite errors="0" failures="1" name="RegistrationAPITest" skipped="0" tests="1" time="3.9" timestamp="2020-02-02 06:18:59"><testcase classname="RegistrationAPITest" name="Email already exist"><failure message="expected:&lt;200&gt; but was:&lt;400&gt;" type="java.lang.AssertionError">expected:&lt;200&gt; but was:&lt;400&gt;</failure><system-err>expected:&lt;200&gt; but was:&lt;400&gt;&#13;
RegistrationAPITest.emailAlreadyExist(RegistrationAPITest.java:40)&#13;
</system-err></testcase></testsuite>