<?xml version="1.0" encoding="UTF-8"?><testsuite errors="0" failures="1" name="RegistrationAPITest" skipped="0" tests="1" time="4.44" timestamp="2020-02-02 06:48:56"><testcase classname="RegistrationAPITest" name="Email already exist2"><failure message="expected:&lt;100&gt; but was:&lt;403&gt;" type="java.lang.AssertionError">expected:&lt;100&gt; but was:&lt;403&gt;</failure><system-err>expected:&lt;100&gt; but was:&lt;403&gt;&#13;
RegistrationAPITest.emailAlreadyExist2(RegistrationAPITest.java:52)&#13;
</system-err></testcase></testsuite>